<?xml version="1.0" encoding="UTF-8"?>
<testsuite xmlns:xsi="http://www.w3.org/2001/XMLSchema-instance" xsi:noNamespaceSchemaLocation="https://maven.apache.org/surefire/maven-surefire-plugin/xsd/surefire-test-report-3.0.xsd" version="3.0" name="TestSuite" time="10.182" tests="1" errors="0" skipped="0" failures="0">
  <properties>
[...]
</properties>
  <testcase name="runScenario[&quot;Select the Maximum price Item from cart&quot;, &quot;SuoceLab cart validation features.&quot;](1)" classname="com.UI_Automation.runner.TestRunner" time="8.229">
    <system-out><![CDATA[
Scenario: Select the Maximum price Item from cart                                    # features/souceLabCart.feature:8
***********************************************************************************
**                                                                               **
**               BDD-TestNG-Cucumber Automation test Started!!!             **
**                                                                               **
***********************************************************************************
  Given User is SouceLab login Page                                                  # com.UI_Automation.stepdef.LoginStepDef.User_is_in_souceLab_login_page()
  When User login using valid credentials from config file                           # com.UI_Automation.stepdef.LoginStepDef.login()
get titleSwag Labs
  Then User will be navigated to Product page                                        # com.UI_Automation.stepdef.ProductPageSteDef.validateProductPage()
get titleSwag Labs
  Given User is in Products page                                                     # com.UI_Automation.stepdef.ProductPageSteDef.inProductPage()
  When User add random items cart                                                    # com.UI_Automation.stepdef.ProductPageSteDef.addToCart()
  Then User should able to see those items in cart and select the maximum price item # com.UI_Automation.stepdef.ProductPageSteDef.maxPriceItem()
]]></system-out>
    <system-err><![CDATA[SLF4J: Failed to load class "org.slf4j.impl.StaticLoggerBinder".
SLF4J: Defaulting to no-operation (NOP) logger implementation
SLF4J: See http://www.slf4j.org/codes.html#StaticLoggerBinder for further details.
Starting ChromeDriver 103.0.5060.134 (8ec6fce403b3feb0869b0732eda8bd95011d333c-refs/branch-heads/5060@{#1262}) on port 49332
Only local connections are allowed.
Please see https://chromedriver.chromium.org/security-considerations for suggestions on keeping ChromeDriver safe.
ChromeDriver was started successfully.
[1659930577.690][WARNING]: This version of ChromeDriver has not been tested with Chrome version 104.
Aug 08, 2022 4:49:38 AM org.openqa.selenium.remote.ProtocolHandshake createSession
INFO: Detected upstream dialect: W3C
Aug 08, 2022 4:49:38 AM org.openqa.selenium.devtools.CdpVersionFinder findNearestMatch
WARNING: Unable to find an exact match for CDP version 104, so returning the closest version found: 103
Aug 08, 2022 4:49:38 AM org.openqa.selenium.devtools.CdpVersionFinder findNearestMatch
INFO: Found CDP implementation for version 104 of 103
]]></system-err>
  </testcase>
</testsuite>